>> Writing PID to tmp/pids/thin.3.pid
>> Using rack adapter
>> Thin web server (v1.5.1 codename Straight Razor)
>> Maximum connections set to 1024
>> Listening on /tmp/thin.3.sock, CTRL+C to stop
>> Exiting!
>> Writing PID to tmp/pids/thin.3.pid
>> Thin web server (v1.5.1 codename Straight Razor)
>> Maximum connections set to 1024
>> Listening on /tmp/thin.3.sock, CTRL+C to stop
>> Exiting!
>> Writing PID to tmp/pids/thin.3.pid
>> Thin web server (v1.5.1 codename Straight Razor)
>> Maximum connections set to 1024
>> Listening on /tmp/thin.3.sock, CTRL+C to stop
>> Exiting!
>> Writing PID to tmp/pids/thin.3.pid
>> Thin web server (v1.5.1 codename Straight Razor)
>> Maximum connections set to 1024
>> Listening on /tmp/thin.3.sock, CTRL+C to stop
